Determining if the pthread_create exist failed with the following output:
Change Dir: /home/alumno/Escritorio/ros2/Proyecto/catkin_ws/build/CMakeFiles/CMakeTmp

Run Build Command:/usr/bin/make "cmTryCompileExec757508566/fast"
/usr/bin/make -f CMakeFiles/cmTryCompileExec757508566.dir/build.make CMakeFiles/cmTryCompileExec757508566.dir/build
make[1]: se ingresa al directorio «/home/alumno/Escritorio/ros2/Proyecto/catkin_ws/build/CMakeFiles/CMakeTmp»
/usr/bin/cmake -E cmake_progress_report /home/alumno/Escritorio/ros2/Proyecto/catkin_ws/build/CMakeFiles/CMakeTmp/CMakeFiles 1
Building C object CMakeFiles/cmTryCompileExec757508566.dir/CheckSymbolExists.c.o
/usr/bin/cc    -o CMakeFiles/cmTryCompileExec757508566.dir/CheckSymbolExists.c.o   -c /home/alumno/Escritorio/ros2/Proyecto/catkin_ws/build/CMakeFiles/CMakeTmp/CheckSymbolExists.c
Linking C executable cmTryCompileExec757508566
/usr/bin/cmake -E cmake_link_script CMakeFiles/cmTryCompileExec757508566.dir/link.txt --verbose=1
/usr/bin/cc       CMakeFiles/cmTryCompileExec757508566.dir/CheckSymbolExists.c.o  -o cmTryCompileExec757508566 -rdynamic 
CMakeFiles/cmTryCompileExec757508566.dir/CheckSymbolExists.c.o: En la función `main':
CheckSymbolExists.c:(.text+0xa): referencia a `pthread_create' sin definir
collect2: error: ld returned 1 exit status
make[1]: *** [cmTryCompileExec757508566] Error 1
make[1]: se sale del directorio «/home/alumno/Escritorio/ros2/Proyecto/catkin_ws/build/CMakeFiles/CMakeTmp»
make: *** [cmTryCompileExec757508566/fast] Error 2

File /home/alumno/Escritorio/ros2/Proyecto/catkin_ws/build/CMakeFiles/CMakeTmp/CheckSymbolExists.c:
/* */
#include <pthread.h>

int main(int argc, char** argv)
{
  (void)argv;
#ifndef pthread_create
  return ((int*)(&pthread_create))[argc];
#else
  (void)argc;
  return 0;
#endif
}

Determining if the function pthread_create exists in the pthreads failed with the following output:
Change Dir: /home/alumno/Escritorio/ros2/Proyecto/catkin_ws/build/CMakeFiles/CMakeTmp

Run Build Command:/usr/bin/make "cmTryCompileExec1414230501/fast"
/usr/bin/make -f CMakeFiles/cmTryCompileExec1414230501.dir/build.make CMakeFiles/cmTryCompileExec1414230501.dir/build
make[1]: se ingresa al directorio «/home/alumno/Escritorio/ros2/Proyecto/catkin_ws/build/CMakeFiles/CMakeTmp»
/usr/bin/cmake -E cmake_progress_report /home/alumno/Escritorio/ros2/Proyecto/catkin_ws/build/CMakeFiles/CMakeTmp/CMakeFiles 1
Building C object CMakeFiles/cmTryCompileExec1414230501.dir/CheckFunctionExists.c.o
/usr/bin/cc   -DCHECK_FUNCTION_EXISTS=pthread_create   -o CMakeFiles/cmTryCompileExec1414230501.dir/CheckFunctionExists.c.o   -c /usr/share/cmake-2.8/Modules/CheckFunctionExists.c
Linking C executable cmTryCompileExec1414230501
/usr/bin/cmake -E cmake_link_script CMakeFiles/cmTryCompileExec1414230501.dir/link.txt --verbose=1
/usr/bin/cc   -DCHECK_FUNCTION_EXISTS=pthread_create    CMakeFiles/cmTryCompileExec1414230501.dir/CheckFunctionExists.c.o  -o cmTryCompileExec1414230501 -rdynamic -lpthreads 
/usr/bin/ld: no se puede encontrar -lpthreads
collect2: error: ld returned 1 exit status
make[1]: se sale del directorio «/home/alumno/Escritorio/ros2/Proyecto/catkin_ws/build/CMakeFiles/CMakeTmp»
make[1]: *** [cmTryCompileExec1414230501] Error 1
make: *** [cmTryCompileExec1414230501/fast] Error 2


